<?xml version="1.0" encoding="UTF-8" ?>
<testsuite errors="5" failures="0" hostname="cape-win-server" name="test.FlywayDBUnit_Tests" skipped="0" tests="5" time="0.532" timestamp="2017-11-02T08:38:32">
  <properties>
    <property name="java.vendor" value="Oracle Corporation" />
    <property name="env.USERDOMAIN_ROAMINGPROFILE" value="CAPE-WIN-SERVER" />
    <property name="sun.java.launcher" value="SUN_STANDARD" />
    <property name="sun.management.compiler" value="HotSpot 64-Bit Tiered Compilers" />
    <property name="env.PROMPT" value="$P$G" />
    <property name="os.name" value="Windows Server 2012 R2" />
    <property name="env.FP_NO_HOST_CHECK" value="NO" />
    <property name="sun.boot.class.path" value="C:\Program Files\Java\jdk1.8.0_131\jre\lib\resources.jar;C:\Program Files\Java\jdk1.8.0_131\jre\lib\rt.jar;C:\Program Files\Java\jdk1.8.0_131\jre\lib\sunrsasign.jar;C:\Program Files\Java\jdk1.8.0_131\jre\lib\jsse.jar;C:\Program Files\Java\jdk1.8.0_131\jre\lib\jce.jar;C:\Program Files\Java\jdk1.8.0_131\jre\lib\charsets.jar;C:\Program Files\Java\jdk1.8.0_131\jre\lib\jfr.jar;C:\Program Files\Java\jdk1.8.0_131\jre\classes" />
    <property name="env.COMPUTERNAME" value="CAPE-WIN-SERVER" />
    <property name="env.CommonProgramW6432" value="C:\Program Files\Common Files" />
    <property name="env.ALLUSERSPROFILE" value="C:\ProgramData" />
    <property name="env.SONAR_RUNNER_HOME" value="C:\Users\capeuser\Desktop\sonar-runner-dist-2.4\sonar-runner-2.4" />
    <property name="sun.desktop" value="windows" />
    <property name="ant.file.dbunit-export" value="C:\Users\mukesh\eclipse-workspace\DbUnitTesting\build.xml" />
    <property name="java.vm.specification.vendor" value="Oracle Corporation" />
    <property name="ant.home" value="C:\Users\mukesh\.p2\pool\plugins\org.apache.ant_1.10.1.v20170504-0840" />
    <property name="java.runtime.version" value="1.8.0_131-b11" />
    <property name="env.HOMEPATH" value="\Users\mukesh" />
    <property name="user.name" value="mukesh" />
    <property name="ant.file.type.dbunit-export" value="file" />
    <property name="user.language" value="en" />
    <property name="sun.boot.library.path" value="C:\Program Files\Java\jdk1.8.0_131\jre\bin" />
    <property name="ant.project.name" value="dbunit-export" />
    <property name="java.version" value="1.8.0_131" />
    <property name="env.PROCESSOR_IDENTIFIER" value="Intel64 Family 6 Model 63 Stepping 2, GenuineIntel" />
    <property name="user.timezone" value="" />
    <property name="env.CLIENTNAME" value="A2ML18968" />
    <property name="env.TEMP" value="C:\Users\mukesh\AppData\Local\Temp\2" />
    <property name="sun.arch.data.model" value="64" />
    <property name="java.endorsed.dirs" value="C:\Program Files\Java\jdk1.8.0_131\jre\lib\endorsed" />
    <property name="sun.cpu.isalist" value="amd64" />
    <property name="env.HOMEDRIVE" value="C:" />
    <property name="sun.jnu.encoding" value="Cp1252" />
    <property name="file.encoding.pkg" value="sun.io" />
    <property name="file.separator" value="\" />
    <property name="java.specification.name" value="Java Platform API Specification" />
    <property name="java.class.version" value="52.0" />
    <property name="user.country" value="US" />
    <property name="java.home" value="C:\Program Files\Java\jdk1.8.0_131\jre" />
    <property name="env.PSModulePath" value="C:\Windows\system32\WindowsPowerShell\v1.0\Modules\;C:\Program Files (x86)\Microsoft SQL Server\130\Tools\PowerShell\Modules\;C:\Program Files\WindowsPowerShell\Modules\;C:\Program Files (x86)\Microsoft SDKs\Azure\PowerShell\ResourceManager\AzureResourceManager\;C:\Program Files (x86)\Microsoft SDKs\Azure\PowerShell\ServiceManagement\;C:\Program Files (x86)\Microsoft SDKs\Azure\PowerShell\Storage\;C:\opscode\chefdk\modules\;C:\Program Files\Microsoft Monitoring Agent\Agent\PowerShell\" />
    <property name="env.APPDATA" value="C:\Users\mukesh\AppData\Roaming" />
    <property name="env.PUBLIC" value="C:\Users\Public" />
    <property name="java.vm.info" value="mixed mode" />
    <property name="env.ComSpec" value="C:\Windows\system32\cmd.exe" />
    <property name="env.OS" value="Windows_NT" />
    <property name="env.CommonProgramFiles" value="C:\Program Files\Common Files" />
    <property name="ant.file" value="C:\Users\mukesh\eclipse-workspace\DbUnitTesting\build.xml" />
    <property name="os.version" value="6.3" />
    <property name="env.ProgramW6432" value="C:\Program Files" />
    <property name="env.CYGWIN" value="mintty" />
    <property name="path.separator" value=";" />
    <property name="java.vm.version" value="25.131-b11" />
    <property name="user.variant" value="" />
    <property name="env.USERPROFILE" value="C:\Users\mukesh" />
    <property name="ant.library.dir" value="C:\Users\mukesh\.p2\pool\plugins\org.apache.ant_1.10.1.v20170504-0840\lib" />
    <property name="junit.output.dir" value="junit" />
    <property name="env.JAVA_HOME" value="C:\Program Files\Java\jdk1.8.0_131" />
    <property name="java.awt.printerjob" value="sun.awt.windows.WPrinterJob" />
    <property name="dbunit.format" value="flat" />
    <property name="env.TMP" value="C:\Users\mukesh\AppData\Local\Temp\2" />
    <property name="sun.io.unicode.encoding" value="UnicodeLittle" />
    <property name="awt.toolkit" value="sun.awt.windows.WToolkit" />
    <property name="user.script" value="" />
    <property name="user.home" value="C:\Users\mukesh" />
    <property name="target" value="1.8" />
    <property name="env.ProgramData" value="C:\ProgramData" />
    <property name="env.VS140COMNTOOLS" value="C:\Program Files (x86)\Microsoft Visual Studio 14.0\Common7\Tools\" />
    <property name="env.SESSIONNAME" value="RDP-Tcp#25" />
    <property name="env.ProgramFiles(x86)" value="C:\Program Files (x86)" />
    <property name="java.specification.vendor" value="Oracle Corporation" />
    <property name="env.CLASSPATH" value=".;" />
    <property name="env.M2_HOME" value="C:\apache-maven-3.5.0" />
    <property name="java.vendor.url" value="http://java.oracle.com/" />
    <property name="java.library.path" value="C:\Program Files\Java\jdk1.8.0_131\jre\bin;C:\Windows\Sun\Java\bin;C:\Windows\system32;C:\Windows;C:/Program Files/Java/jdk1.8.0_131/bin/../jre/bin/server;C:/Program Files/Java/jdk1.8.0_131/bin/../jre/bin;C:/Program Files/Java/jdk1.8.0_131/bin/../jre/lib/amd64;C:\apache-ant-1.9.9\bin;C:\Program Files\Microsoft MPI\Bin\;C:\Windows\system32;C:\Windows;C:\Windows\System32\Wbem;C:\Windows\System32\WindowsPowerShell\v1.0\;C:\Program Files\TortoiseSVN\bin;C:\Program Files (x86)\Microsoft SQL Server\130\Tools\Binn\;C:\Program Files\Microsoft SQL Server\130\Tools\Binn\;C:\Program Files (x86)\Microsoft SQL Server\130\DTS\Binn\;C:\Program Files\Microsoft SQL Server\130\DTS\Binn\;C:\Program Files\Microsoft SQL Server\Client SDK\ODBC\130\Tools\Binn\;C:\Program Files\Microsoft SQL Server\120\Tools\Binn\;C:\Program Files (x86)\VisualSVN\bin;C:\Program Files (x86)\Microsoft SQL Server\110\DTS\Binn\;C:\Program Files (x86)\Microsoft SQL Server\120\DTS\Binn\;C:\Program Files (x86)\Microsoft SQL Server\Client SDK\ODBC\130\Tools\Binn\;C:\Program Files (x86)\Microsoft SQL Server\130\Tools\Binn\ManagementStudio\;C:\Program Files\Git\cmd;C:\Windows\Microsoft.NET\Framework\v4.0.30319;C:\Program Files\Nuget;C:\ProgramData\chocolatey\bin;C:\Program Files\dotnet\;C:\Program Files\Anaconda3;C:\Program Files\Anaconda3\Scripts;C:\Program Files\Anaconda3\Library\bin;C:\opscode\chefdk\bin\;C:\Program Files\Java\jdk1.8.0_131\bin;C:\Tools\Octo;C:\Program Files\OpenSSH\bin;C:\Program Files\MySQL\MySQL Utilities 1.6\;C:\apache-maven-3.5.0\bin;C:\sonarqube-6.0\sonarqube-6.0\bin\windows-x86-64;C:\Program Files\PuTTY\;C:\Windows\system32;;." />
    <property name="env.NUMBER_OF_PROCESSORS" value="2" />
    <property name="java.vm.vendor" value="Oracle Corporation" />
    <property name="java.runtime.name" value="Java(TM) SE Runtime Environment" />
    <property name="ant.version" value="Apache Ant(TM) version 1.10.1 compiled on February 2 2017" />
    <property name="java.class.path" value="C:\Users\mukesh\eclipse-workspace\DbUnitTesting\bin;C:\Users\mukesh\eclipse-workspace\DbUnitTesting\libs\junit.jar;C:\Users\mukesh\eclipse-workspace\DbUnitTesting\libs\mysql-connector-java-6.0.6.jar;C:\Users\mukesh\eclipse-workspace\DbUnitTesting\libs\commons-io-2.5.jar;C:\Users\mukesh\eclipse-workspace\DbUnitTesting\libs\slf4j-api-1.7.25.jar;C:\Users\mukesh\eclipse-workspace\DbUnitTesting\libs\slf4j-simple-1.6.1.jar;C:\Users\mukesh\eclipse-workspace\DbUnitTesting\libs\org.apache.commons.pool.jar;C:\Users\mukesh\eclipse-workspace\DbUnitTesting\libs\dbunit-2.5.4.jar;C:\Users\mukesh\eclipse-workspace\DbUnitTesting;C:\Users\mukesh\.p2\pool\plugins\org.apache.ant_1.10.1.v20170504-0840\lib\ant-launcher.jar;C:\Users\mukesh\.p2\pool\plugins\org.apache.ant_1.10.1.v20170504-0840\lib\ant.jar;C:\Users\mukesh\.p2\pool\plugins\org.apache.ant_1.10.1.v20170504-0840\lib\ant-junit.jar;C:\Users\mukesh\.p2\pool\plugins\org.apache.ant_1.10.1.v20170504-0840\lib\ant-junit4.jar" />
    <property name="sun.java.command" value="org.apache.tools.ant.taskdefs.optional.junit.JUnitTestRunner test.FlywayDBUnit_Tests skipNonTests=false filtertrace=true haltOnError=false haltOnFailure=false formatter=org.apache.tools.ant.taskdefs.optional.junit.OutErrSummaryJUnitResultFormatter showoutput=false outputtoformatters=true logfailedtests=true threadid=0 logtestlistenerevents=false formatter=org.apache.tools.ant.taskdefs.optional.junit.XMLJUnitResultFormatter,C:\Users\mukesh\eclipse-workspace\DbUnitTesting\junit\TEST-test.FlywayDBUnit_Tests.xml crashfile=C:\Users\mukesh\eclipse-workspace\DbUnitTesting\junitvmwatcher8216837844763668702.properties propsfile=C:\Users\mukesh\eclipse-workspace\DbUnitTesting\junit6107535312682676014.properties" />
    <property name="env.DXSDK_DIR" value="C:\Program Files (x86)\Microsoft DirectX SDK (February 2010)\" />
    <property name="env.VS150COMCOMNTOOLS" value="C:\Program Files (x86)\Microsoft Visual Studio\2017\Community\Common7\Tools\" />
    <property name="java.vm.specification.name" value="Java Virtual Machine Specification" />
    <property name="env.windir" value="C:\Windows" />
    <property name="env.LOGONSERVER" value="\\CAPE-WIN-SERVER" />
    <property name="env.PROCESSOR_ARCHITECTURE" value="AMD64" />
    <property name="java.vm.specification.version" value="1.8" />
    <property name="sun.os.patch.level" value="" />
    <property name="sun.cpu.endian" value="little" />
    <property name="debuglevel" value="source,lines,vars" />
    <property name="env.ANT_HOME" value="C:\Users\mukesh\.p2\pool\plugins\org.apache.ant_1.10.1.v20170504-0840" />
    <property name="env.ProgramFiles" value="C:\Program Files" />
    <property name="java.io.tmpdir" value="C:\Users\mukesh\AppData\Local\Temp\2\" />
    <property name="env.PROCESSOR_REVISION" value="3f02" />
    <property name="env.CommonProgramFiles(x86)" value="C:\Program Files (x86)\Common Files" />
    <property name="java.vendor.url.bug" value="http://bugreport.sun.com/bugreport/" />
    <property name="env.SystemRoot" value="C:\Windows" />
    <property name="env.ChocolateyInstall" value="C:\ProgramData\chocolatey" />
    <property name="java.awt.graphicsenv" value="sun.awt.Win32GraphicsEnvironment" />
    <property name="os.arch" value="amd64" />
    <property name="java.ext.dirs" value="C:\Program Files\Java\jdk1.8.0_131\jre\lib\ext;C:\Windows\Sun\Java\lib\ext" />
    <property name="user.dir" value="C:\Users\mukesh\eclipse-workspace\DbUnitTesting" />
    <property name="env.MAVEN_HOME" value="C:\apache-maven-3.5.0" />
    <property name="env.LOCALAPPDATA" value="C:\Users\mukesh\AppData\Local" />
    <property name="env.FSHARPINSTALLDIR" value="C:\Program Files (x86)\Microsoft SDKs\F#\4.1\Framework\v4.0\" />
    <property name="line.separator" value="&#xd;&#xa;" />
    <property name="java.vm.name" value="Java HotSpot(TM) 64-Bit Server VM" />
    <property name="env.PATHEXT" value=".COM;.EXE;.BAT;.CMD;.VBS;.VBE;.JS;.JSE;.WSF;.WSH;.MSC" />
    <property name="env.Path" value="C:/Program Files/Java/jdk1.8.0_131/bin/../jre/bin/server;C:/Program Files/Java/jdk1.8.0_131/bin/../jre/bin;C:/Program Files/Java/jdk1.8.0_131/bin/../jre/lib/amd64;C:\apache-ant-1.9.9\bin;C:\Program Files\Microsoft MPI\Bin\;C:\Windows\system32;C:\Windows;C:\Windows\System32\Wbem;C:\Windows\System32\WindowsPowerShell\v1.0\;C:\Program Files\TortoiseSVN\bin;C:\Program Files (x86)\Microsoft SQL Server\130\Tools\Binn\;C:\Program Files\Microsoft SQL Server\130\Tools\Binn\;C:\Program Files (x86)\Microsoft SQL Server\130\DTS\Binn\;C:\Program Files\Microsoft SQL Server\130\DTS\Binn\;C:\Program Files\Microsoft SQL Server\Client SDK\ODBC\130\Tools\Binn\;C:\Program Files\Microsoft SQL Server\120\Tools\Binn\;C:\Program Files (x86)\VisualSVN\bin;C:\Program Files (x86)\Microsoft SQL Server\110\DTS\Binn\;C:\Program Files (x86)\Microsoft SQL Server\120\DTS\Binn\;C:\Program Files (x86)\Microsoft SQL Server\Client SDK\ODBC\130\Tools\Binn\;C:\Program Files (x86)\Microsoft SQL Server\130\Tools\Binn\ManagementStudio\;C:\Program Files\Git\cmd;C:\Windows\Microsoft.NET\Framework\v4.0.30319;C:\Program Files\Nuget;C:\ProgramData\chocolatey\bin;C:\Program Files\dotnet\;C:\Program Files\Anaconda3;C:\Program Files\Anaconda3\Scripts;C:\Program Files\Anaconda3\Library\bin;C:\opscode\chefdk\bin\;C:\Program Files\Java\jdk1.8.0_131\bin;C:\Tools\Octo;C:\Program Files\OpenSSH\bin;C:\Program Files\MySQL\MySQL Utilities 1.6\;C:\apache-maven-3.5.0\bin;C:\sonarqube-6.0\sonarqube-6.0\bin\windows-x86-64;C:\Program Files\PuTTY\;C:\Windows\system32;" />
    <property name="basedir" value="C:\Users\mukesh\eclipse-workspace\DbUnitTesting" />
    <property name="ant.java.version" value="1.8" />
    <property name="ant.core.lib" value="C:\Users\mukesh\.p2\pool\plugins\org.apache.ant_1.10.1.v20170504-0840\lib\ant.jar" />
    <property name="env.USERNAME" value="mukesh" />
    <property name="source" value="1.8" />
    <property name="env.SystemDrive" value="C:" />
    <property name="file.encoding" value="Cp1252" />
    <property name="env.USERDOMAIN" value="CAPE-WIN-SERVER" />
    <property name="env.MSMPI_BIN" value="C:\Program Files\Microsoft MPI\Bin\" />
    <property name="java.specification.version" value="1.8" />
    <property name="ant.project.invoked-targets" value="FlywayDBUnit_Tests" />
    <property name="env.PROCESSOR_LEVEL" value="6" />
  </properties>
  <testcase classname="test.FlywayDBUnit_Tests" name="testCheckActualvsLoaded5" time="0.406">
    <error message="\var\lib\jenkins\workspace\DBUnitTesting\InitialDB-State.xml (The system cannot find the path specified)" type="java.io.FileNotFoundException">java.io.FileNotFoundException: \var\lib\jenkins\workspace\DBUnitTesting\InitialDB-State.xml (The system cannot find the path specified)
	at java.io.FileOutputStream.open0(Native Method)
	at java.io.FileOutputStream.open(FileOutputStream.java:270)
	at java.io.FileOutputStream.&lt;init&gt;(FileOutputStream.java:213)
	at java.io.FileOutputStream.&lt;init&gt;(FileOutputStream.java:101)
	at test.FlywayDBUnit_Tests.setUp(FlywayDBUnit_Tests.java:75)
</error>
  </testcase>
  <testcase classname="test.FlywayDBUnit_Tests" name="testCheckXMLRowCount" time="0.016">
    <error message="\var\lib\jenkins\workspace\DBUnitTesting\InitialDB-State.xml (The system cannot find the path specified)" type="java.io.FileNotFoundException">java.io.FileNotFoundException: \var\lib\jenkins\workspace\DBUnitTesting\InitialDB-State.xml (The system cannot find the path specified)
	at java.io.FileOutputStream.open0(Native Method)
	at java.io.FileOutputStream.open(FileOutputStream.java:270)
	at java.io.FileOutputStream.&lt;init&gt;(FileOutputStream.java:213)
	at java.io.FileOutputStream.&lt;init&gt;(FileOutputStream.java:101)
	at test.FlywayDBUnit_Tests.setUp(FlywayDBUnit_Tests.java:75)
</error>
  </testcase>
  <testcase classname="test.FlywayDBUnit_Tests" name="testCheckXMLDataNonNUllability2" time="0.031">
    <error message="\var\lib\jenkins\workspace\DBUnitTesting\InitialDB-State.xml (The system cannot find the path specified)" type="java.io.FileNotFoundException">java.io.FileNotFoundException: \var\lib\jenkins\workspace\DBUnitTesting\InitialDB-State.xml (The system cannot find the path specified)
	at java.io.FileOutputStream.open0(Native Method)
	at java.io.FileOutputStream.open(FileOutputStream.java:270)
	at java.io.FileOutputStream.&lt;init&gt;(FileOutputStream.java:213)
	at java.io.FileOutputStream.&lt;init&gt;(FileOutputStream.java:101)
	at test.FlywayDBUnit_Tests.setUp(FlywayDBUnit_Tests.java:75)
</error>
  </testcase>
  <testcase classname="test.FlywayDBUnit_Tests" name="testCheckXMLDataNonNUllability3" time="0.016">
    <error message="\var\lib\jenkins\workspace\DBUnitTesting\InitialDB-State.xml (The system cannot find the path specified)" type="java.io.FileNotFoundException">java.io.FileNotFoundException: \var\lib\jenkins\workspace\DBUnitTesting\InitialDB-State.xml (The system cannot find the path specified)
	at java.io.FileOutputStream.open0(Native Method)
	at java.io.FileOutputStream.open(FileOutputStream.java:270)
	at java.io.FileOutputStream.&lt;init&gt;(FileOutputStream.java:213)
	at java.io.FileOutputStream.&lt;init&gt;(FileOutputStream.java:101)
	at test.FlywayDBUnit_Tests.setUp(FlywayDBUnit_Tests.java:75)
</error>
  </testcase>
  <testcase classname="test.FlywayDBUnit_Tests" name="testCheckXMLDataNonNUllability4" time="0.016">
    <error message="\var\lib\jenkins\workspace\DBUnitTesting\InitialDB-State.xml (The system cannot find the path specified)" type="java.io.FileNotFoundException">java.io.FileNotFoundException: \var\lib\jenkins\workspace\DBUnitTesting\InitialDB-State.xml (The system cannot find the path specified)
	at java.io.FileOutputStream.open0(Native Method)
	at java.io.FileOutputStream.open(FileOutputStream.java:270)
	at java.io.FileOutputStream.&lt;init&gt;(FileOutputStream.java:213)
	at java.io.FileOutputStream.&lt;init&gt;(FileOutputStream.java:101)
	at test.FlywayDBUnit_Tests.setUp(FlywayDBUnit_Tests.java:75)
</error>
  </testcase>
  <system-out><![CDATA[]]></system-out>
  <system-err><![CDATA[]]></system-err>
</testsuite>
